<?xml version="1.0" encoding="UTF-8"?>
<!-- Generated by org.testng.reporters.JUnitReportReporter -->
<testsuite skipped="0" hostname="CCB27SDK1" name="dpu_runners.CPCC013CancelingASeveranceProcess" tests="1" failures="0" timestamp="22 Jul 2020 21:30:14 GMT" time="52.566" errors="0">
  <testcase name="feature" time="52.566" classname="dpu_runners.CPCC013CancelingASeveranceProcess"/>
</testsuite> <!-- dpu_runners.CPCC013CancelingASeveranceProcess -->
