<?xml version="1.0" encoding="UTF-8"?>
<!-- Generated by org.testng.reporters.JUnitReportReporter -->
<testsuite skipped="0" hostname="CCB27SDK1" name="dpu_runners.CPCI009AddingAServicePointRecord" tests="1" failures="0" timestamp="23 Jul 2020 11:07:16 GMT" time="50.001" errors="0">
  <testcase name="feature" time="50.001" classname="dpu_runners.CPCI009AddingAServicePointRecord"/>
</testsuite> <!-- dpu_runners.CPCI009AddingAServicePointRecord -->
