<?xml version="1.0" encoding="UTF-8"?>
<!-- Generated by org.testng.reporters.JUnitReportReporter -->
<testsuite skipped="0" hostname="CCB27SDK1" name="dpu_runners.CI001AddPerAcct" tests="1" failures="0" timestamp="09 May 2020 16:33:49 GMT" time="66.110" errors="0">
  <testcase name="feature" time="66.110" classname="dpu_runners.CI001AddPerAcct"/>
</testsuite> <!-- dpu_runners.CI001AddPerAcct -->
