<?xml version="1.0" encoding="UTF-8"?>
<!-- Generated by org.testng.reporters.JUnitReportReporter -->
<testsuite skipped="0" hostname="CCB27SDK1" name="dpu_runners.CPCI022CreatingADepositSA" tests="1" failures="0" timestamp="27 Aug 2020 12:08:06 GMT" time="136.814" errors="0">
  <testcase name="feature" time="136.814" classname="dpu_runners.CPCI022CreatingADepositSA"/>
</testsuite> <!-- dpu_runners.CPCI022CreatingADepositSA -->
