<?xml version="1.0" encoding="UTF-8"?>
<!-- Generated by org.testng.reporters.JUnitReportReporter -->
<testsuite skipped="0" hostname="MnlTraining6" name="Automation.SacramentoPOC.AppTest" tests="1" failures="0" timestamp="01 Jul 2019 10:38:28 GMT" time="0.015" errors="0">
  <testcase name="test" time="0.015" classname="Automation.SacramentoPOC.AppTest"/>
</testsuite> <!-- Automation.SacramentoPOC.AppTest -->
