<?xml version="1.0" encoding="UTF-8"?>
<!-- Generated by org.testng.reporters.JUnitReportReporter -->
<testsuite skipped="0" hostname="CCB27SDK1" name="dpu_runners.CPCC007AddingAWriteOffProcess" tests="1" failures="0" timestamp="13 Aug 2020 15:43:27 GMT" time="140.499" errors="0">
  <testcase name="feature" time="140.499" classname="dpu_runners.CPCC007AddingAWriteOffProcess"/>
</testsuite> <!-- dpu_runners.CPCC007AddingAWriteOffProcess -->
