<?xml version="1.0" encoding="UTF-8"?>
<!-- Generated by org.testng.reporters.JUnitReportReporter -->
<testsuite skipped="0" hostname="CCB27SDK1" name="dpu_runners.CPFIN02CancelingAnAdjustment" tests="1" failures="0" timestamp="27 Jul 2020 19:00:52 GMT" time="170.225" errors="0">
  <testcase name="feature" time="170.225" classname="dpu_runners.CPFIN02CancelingAnAdjustment"/>
</testsuite> <!-- dpu_runners.CPFIN02CancelingAnAdjustment -->
