<?xml version="1.0" encoding="UTF-8"?>
<!-- Generated by org.testng.reporters.JUnitReportReporter -->
<testsuite skipped="0" hostname="CCB27SDK1" name="dpu_runners.BreakPaymentArrangement" tests="1" failures="0" timestamp="13 Apr 2020 15:39:53 GMT" time="83.400" errors="0">
  <testcase name="feature" time="83.400" classname="dpu_runners.BreakPaymentArrangement"/>
</testsuite> <!-- dpu_runners.BreakPaymentArrangement -->
