<?xml version="1.0" encoding="UTF-8"?>
<!-- Generated by org.testng.reporters.JUnitReportReporter -->
<testsuite skipped="0" hostname="CCB27SDK1" name="dpu_runners.CPFS002UpdateExistingFAScheduledDate" tests="1" failures="0" timestamp="23 Jul 2020 10:57:03 GMT" time="36.240" errors="0">
  <testcase name="feature" time="36.240" classname="dpu_runners.CPFS002UpdateExistingFAScheduledDate"/>
</testsuite> <!-- dpu_runners.CPFS002UpdateExistingFAScheduledDate -->
