<?xml version="1.0" encoding="UTF-8"?>
<!-- Generated by org.testng.reporters.JUnitReportReporter -->
<testsuite skipped="0" hostname="CCB27SDK1" name="dpu_runners.CPFIN01AddingAnAdjustment" tests="1" failures="0" timestamp="27 Aug 2020 12:12:01 GMT" time="177.117" errors="0">
  <testcase name="feature" time="177.117" classname="dpu_runners.CPFIN01AddingAnAdjustment"/>
</testsuite> <!-- dpu_runners.CPFIN01AddingAnAdjustment -->
