<?xml version="1.0" encoding="UTF-8"?>
<!-- Generated by org.testng.reporters.JUnitReportReporter -->
<testsuite skipped="0" hostname="CCB27SDK1" name="dpu_runners.CPBI006CancelingABillSegment" tests="1" failures="0" timestamp="08 Jul 2020 02:50:43 GMT" time="118.941" errors="0">
  <testcase name="feature" time="118.941" classname="dpu_runners.CPBI006CancelingABillSegment"/>
</testsuite> <!-- dpu_runners.CPBI006CancelingABillSegment -->
