<?xml version="1.0" encoding="UTF-8"?>
<!-- Generated by org.testng.reporters.JUnitReportReporter -->
<testsuite skipped="0" hostname="CCB27SDK1" name="dpu_runners.PY005SearchingForAPayment" tests="1" failures="0" timestamp="22 Jul 2020 19:56:45 GMT" time="69.711" errors="0">
  <testcase name="feature" time="69.711" classname="dpu_runners.PY005SearchingForAPayment"/>
</testsuite> <!-- dpu_runners.PY005SearchingForAPayment -->
