<?xml version="1.0" encoding="UTF-8"?>
<!-- Generated by org.testng.reporters.JUnitReportReporter -->
<testsuite skipped="0" hostname="CCB27SDK1" name="dpu_runners.SEC002CheckPremiseCPPCISDivision" tests="1" failures="0" timestamp="03 Aug 2020 07:38:14 GMT" time="33.960" errors="0">
  <testcase name="feature" time="33.960" classname="dpu_runners.SEC002CheckPremiseCPPCISDivision"/>
</testsuite> <!-- dpu_runners.SEC002CheckPremiseCPPCISDivision -->
