<?xml version="1.0" encoding="UTF-8"?>
<!-- Generated by org.testng.reporters.JUnitReportReporter -->
<testsuite skipped="0" hostname="CCB27SDK1" name="dpu_runners.CPCI069StartingServiceUsingAnOrderCampaignCOM" tests="1" failures="0" timestamp="16 Jul 2020 10:48:37 GMT" time="124.079" errors="0">
  <testcase name="feature" time="124.079" classname="dpu_runners.CPCI069StartingServiceUsingAnOrderCampaignCOM"/>
</testsuite> <!-- dpu_runners.CPCI069StartingServiceUsingAnOrderCampaignCOM -->
