<?xml version="1.0" encoding="UTF-8"?>
<!-- Generated by org.testng.reporters.JUnitReportReporter -->
<testsuite skipped="0" hostname="CCB27SDK1" name="dpu_runners.CPCI047CompletingAToDo" tests="1" failures="0" timestamp="06 Jul 2020 09:26:50 GMT" time="25.455" errors="0">
  <testcase name="feature" time="25.455" classname="dpu_runners.CPCI047CompletingAToDo"/>
</testsuite> <!-- dpu_runners.CPCI047CompletingAToDo -->
