<?xml version="1.0" encoding="UTF-8"?>
<!-- Generated by org.testng.reporters.JUnitReportReporter -->
<testsuite skipped="0" hostname="CCB27SDK1" name="dpu_runners.CPFS001CreateANewFAManually" tests="1" failures="0" timestamp="23 Jul 2020 10:51:06 GMT" time="63.355" errors="0">
  <testcase name="feature" time="63.355" classname="dpu_runners.CPFS001CreateANewFAManually"/>
</testsuite> <!-- dpu_runners.CPFS001CreateANewFAManually -->
