<?xml version="1.0" encoding="UTF-8"?>
<!-- Generated by org.testng.reporters.JUnitReportReporter -->
<testsuite skipped="0" hostname="CCB27SDK1" name="dpu_runners.CPFIN26TransferringOfBalance" tests="1" failures="0" timestamp="28 Jul 2020 11:44:39 GMT" time="225.304" errors="0">
  <testcase name="feature" time="225.304" classname="dpu_runners.CPFIN26TransferringOfBalance"/>
</testsuite> <!-- dpu_runners.CPFIN26TransferringOfBalance -->
