<?xml version="1.0" encoding="UTF-8"?>
<!-- Generated by org.testng.reporters.JUnitReportReporter -->
<testsuite skipped="0" hostname="CCB27SDK1" name="dpu_runners.CPCC027ViewingAWriteOffProcess" tests="1" failures="0" timestamp="22 Jul 2020 21:27:44 GMT" time="49.423" errors="0">
  <testcase name="feature" time="49.423" classname="dpu_runners.CPCC027ViewingAWriteOffProcess"/>
</testsuite> <!-- dpu_runners.CPCC027ViewingAWriteOffProcess -->
