<?xml version="1.0" encoding="UTF-8"?>
<!-- Generated by org.testng.reporters.JUnitReportReporter -->
<testsuite skipped="0" hostname="CCB27SDK1" name="dpu_runners.CPFS003CancelExistingFA" tests="1" failures="0" timestamp="23 Jul 2020 10:59:26 GMT" time="66.510" errors="0">
  <testcase name="feature" time="66.510" classname="dpu_runners.CPFS003CancelExistingFA"/>
</testsuite> <!-- dpu_runners.CPFS003CancelExistingFA -->
