<?xml version="1.0" encoding="UTF-8"?>
<!-- Generated by org.testng.reporters.JUnitReportReporter -->
<testsuite skipped="0" hostname="CCB27SDK1" name="dpu_runners.CPCI008AddingAPremiseRecord" tests="1" failures="0" timestamp="23 Jul 2020 11:19:04 GMT" time="74.054" errors="0">
  <testcase name="feature" time="74.054" classname="dpu_runners.CPCI008AddingAPremiseRecord"/>
</testsuite> <!-- dpu_runners.CPCI008AddingAPremiseRecord -->
