<?xml version="1.0" encoding="UTF-8"?>
<!-- Generated by org.testng.reporters.JUnitReportReporter -->
<testsuite skipped="0" hostname="CCB27SDK1" name="dpu_runners.SEC001CheckPremiseForUserCISDivision" tests="1" failures="0" timestamp="30 Jul 2020 20:16:50 GMT" time="28.636" errors="0">
  <testcase name="feature" time="28.636" classname="dpu_runners.SEC001CheckPremiseForUserCISDivision"/>
</testsuite> <!-- dpu_runners.SEC001CheckPremiseForUserCISDivision -->
