<?xml version="1.0" encoding="UTF-8"?>
<!-- Generated by org.testng.reporters.JUnitReportReporter -->
<testsuite skipped="0" hostname="CCB27SDK1" name="dpu_runners.CPFIN03AddingADepositTenderControl" tests="1" failures="0" timestamp="23 Jul 2020 11:01:43 GMT" time="29.908" errors="0">
  <testcase name="feature" time="29.908" classname="dpu_runners.CPFIN03AddingADepositTenderControl"/>
</testsuite> <!-- dpu_runners.CPFIN03AddingADepositTenderControl -->
