<?xml version="1.0" encoding="UTF-8"?>
<!-- Generated by org.testng.reporters.JUnitReportReporter -->
<testsuite skipped="0" hostname="CCB27SDK1" name="dpu_runners.CPCI031AddingACustomerContact" tests="1" failures="0" timestamp="23 Jul 2020 10:55:00 GMT" time="48.429" errors="0">
  <testcase name="feature" time="48.429" classname="dpu_runners.CPCI031AddingACustomerContact"/>
</testsuite> <!-- dpu_runners.CPCI031AddingACustomerContact -->
