<?xml version="1.0" encoding="UTF-8"?>
<!-- Generated by org.testng.reporters.JUnitReportReporter -->
<testsuite skipped="0" hostname="CCB27SDK1" name="dpu_runners.TD001CompletingAToDo" tests="1" failures="0" timestamp="28 Jul 2020 18:54:39 GMT" time="28.517" errors="0">
  <testcase name="feature" time="28.517" classname="dpu_runners.TD001CompletingAToDo"/>
</testsuite> <!-- dpu_runners.TD001CompletingAToDo -->
