<?xml version="1.0" encoding="UTF-8"?>
<!-- Generated by org.testng.reporters.JUnitReportReporter -->
<testsuite skipped="0" hostname="CCB27SDK1" name="dpu_runners.CPCC010CancelingACollectionProcess" tests="1" failures="0" timestamp="22 Jul 2020 21:28:51 GMT" time="54.186" errors="0">
  <testcase name="feature" time="54.186" classname="dpu_runners.CPCC010CancelingACollectionProcess"/>
</testsuite> <!-- dpu_runners.CPCC010CancelingACollectionProcess -->
