<?xml version="1.0" encoding="UTF-8"?>
<!-- Generated by org.testng.reporters.JUnitReportReporter -->
<testsuite skipped="0" hostname="CCB27SDK1" name="dpu_runners.CPCC002AddingACollectionAgencyReferral" tests="1" failures="0" timestamp="23 Jul 2020 11:25:18 GMT" time="54.996" errors="0">
  <testcase name="feature" time="54.996" classname="dpu_runners.CPCC002AddingACollectionAgencyReferral"/>
</testsuite> <!-- dpu_runners.CPCC002AddingACollectionAgencyReferral -->
