<?xml version="1.0" encoding="UTF-8"?>
<!-- Generated by org.testng.reporters.JUnitReportReporter -->
<testsuite skipped="0" hostname="CCB27SDK1" name="dpu_runners.CPCI038AssigningToDoEntriesToSupervisor" tests="1" failures="0" timestamp="07 Jul 2020 03:30:54 GMT" time="62.790" errors="0">
  <testcase name="feature" time="62.790" classname="dpu_runners.CPCI038AssigningToDoEntriesToSupervisor"/>
</testsuite> <!-- dpu_runners.CPCI038AssigningToDoEntriesToSupervisor -->
