<?xml version="1.0" encoding="UTF-8"?>
<!-- Generated by org.testng.reporters.JUnitReportReporter -->
<testsuite skipped="0" hostname="CCB27SDK1" name="dpu_runners.FS002UpdateExistingFAScheduledDate" tests="1" failures="0" timestamp="13 Aug 2020 15:16:31 GMT" time="153.894" errors="0">
  <testcase name="feature" time="153.894" classname="dpu_runners.FS002UpdateExistingFAScheduledDate"/>
</testsuite> <!-- dpu_runners.FS002UpdateExistingFAScheduledDate -->
