<?xml version="1.0" encoding="UTF-8"?>
<!-- Generated by org.testng.reporters.JUnitReportReporter -->
<testsuite skipped="0" hostname="CCB27SDK1" name="dpu_runners.CPFS009CreateAndCompleteFA" tests="1" failures="0" timestamp="06 Aug 2020 18:21:04 GMT" time="175.008" errors="0">
  <testcase name="feature" time="175.008" classname="dpu_runners.CPFS009CreateAndCompleteFA"/>
</testsuite> <!-- dpu_runners.CPFS009CreateAndCompleteFA -->
