<?xml version="1.0" encoding="UTF-8"?>
<!-- Generated by org.testng.reporters.JUnitReportReporter -->
<testsuite skipped="0" hostname="CCB27SDK1" name="dpu_runners.CPCI032AddingAManualAlert" tests="1" failures="0" timestamp="23 Jul 2020 10:23:39 GMT" time="46.269" errors="0">
  <testcase name="feature" time="46.269" classname="dpu_runners.CPCI032AddingAManualAlert"/>
</testsuite> <!-- dpu_runners.CPCI032AddingAManualAlert -->
