<?xml version="1.0" encoding="UTF-8"?>
<!-- Generated by org.testng.reporters.JUnitReportReporter -->
<testsuite skipped="0" hostname="CCB27SDK1" name="dpu_runners.CPFIN09AddingAPaymentToMultipleAccounts" tests="1" failures="0" timestamp="18 Jun 2020 06:27:47 GMT" time="113.647" errors="0">
  <testcase name="feature" time="113.647" classname="dpu_runners.CPFIN09AddingAPaymentToMultipleAccounts"/>
</testsuite> <!-- dpu_runners.CPFIN09AddingAPaymentToMultipleAccounts -->
