<?xml version="1.0" encoding="UTF-8"?>
<!-- Generated by org.testng.reporters.JUnitReportReporter -->
<testsuite skipped="0" hostname="CCB27SDK1" name="dpu_runners.MT003AddAMeterRead" tests="1" failures="0" timestamp="27 Aug 2020 12:05:30 GMT" time="190.238" errors="0">
  <testcase name="feature" time="190.238" classname="dpu_runners.MT003AddAMeterRead"/>
</testsuite> <!-- dpu_runners.MT003AddAMeterRead -->
