<?xml version="1.0" encoding="UTF-8"?>
<!-- Generated by org.testng.reporters.JUnitReportReporter -->
<testsuite skipped="0" hostname="CCB27SDK1" name="dpu_runners.CPCI010AddingALogEntryToACustomerContact" tests="1" failures="0" timestamp="10 Jun 2020 04:44:05 GMT" time="35.667" errors="0">
  <testcase name="feature" time="35.667" classname="dpu_runners.CPCI010AddingALogEntryToACustomerContact"/>
</testsuite> <!-- dpu_runners.CPCI010AddingALogEntryToACustomerContact -->
