<?xml version="1.0" encoding="UTF-8"?>
<!-- Generated by org.testng.reporters.JUnitReportReporter -->
<testsuite skipped="0" hostname="CCB27SDK1" name="dpu_runners.CPBI001ManuallyGeneratingABill" tests="1" failures="0" timestamp="17 Aug 2020 15:07:47 GMT" time="75.172" errors="0">
  <testcase name="feature" time="75.172" classname="dpu_runners.CPBI001ManuallyGeneratingABill"/>
</testsuite> <!-- dpu_runners.CPBI001ManuallyGeneratingABill -->
