<?xml version="1.0" encoding="UTF-8"?>
<!-- Generated by org.testng.reporters.JUnitReportReporter -->
<testsuite skipped="0" hostname="CCB27SDK1" name="dpu_runners.FS001FieldActivity" tests="1" failures="0" timestamp="21 Apr 2020 09:19:49 GMT" time="64.438" errors="0">
  <testcase name="feature" time="64.438" classname="dpu_runners.FS001FieldActivity"/>
</testsuite> <!-- dpu_runners.FS001FieldActivity -->
