<?xml version="1.0" encoding="UTF-8"?>
<!-- Generated by org.testng.reporters.JUnitReportReporter -->
<testsuite skipped="0" hostname="CCB27SDK1" name="dpu_runners.CPCC025ViewingACollectionProcess" tests="1" failures="0" timestamp="05 Aug 2020 21:00:36 GMT" time="107.438" errors="0">
  <testcase name="feature" time="107.438" classname="dpu_runners.CPCC025ViewingACollectionProcess"/>
</testsuite> <!-- dpu_runners.CPCC025ViewingACollectionProcess -->
