<?xml version="1.0" encoding="UTF-8"?>
<!-- Generated by org.testng.reporters.JUnitReportReporter -->
<testsuite hostname="MnlTraining6" failures="0" tests="1" name="CucumberOptions.ServiceAgreementRunner" time="0.215" errors="0" timestamp="04 Jul 2019 08:02:22 GMT" skipped="0">
  <testcase classname="CucumberOptions.ServiceAgreementRunner" name="feature" time="0.215"/>
</testsuite> <!-- CucumberOptions.ServiceAgreementRunner -->
