<?xml version="1.0" encoding="UTF-8"?>
<!-- Generated by org.testng.reporters.JUnitReportReporter -->
<testsuite skipped="0" hostname="CCB27SDK1" name="dpu_runners.CPCC020ModifyingACollectionEventTriggerDate" tests="1" failures="0" timestamp="22 Jul 2020 21:18:06 GMT" time="73.772" errors="0">
  <testcase name="feature" time="73.772" classname="dpu_runners.CPCC020ModifyingACollectionEventTriggerDate"/>
</testsuite> <!-- dpu_runners.CPCC020ModifyingACollectionEventTriggerDate -->
