<?xml version="1.0" encoding="UTF-8"?>
<!-- Generated by org.testng.reporters.JUnitReportReporter -->
<testsuite skipped="0" hostname="CCB27SDK1" name="dpu_runners.MT003AddMeterRead" tests="1" failures="0" timestamp="20 Apr 2020 16:30:16 GMT" time="67.955" errors="0">
  <testcase name="feature" time="67.955" classname="dpu_runners.MT003AddMeterRead"/>
</testsuite> <!-- dpu_runners.MT003AddMeterRead -->
