<?xml version="1.0" encoding="UTF-8"?>
<!-- Generated by org.testng.reporters.JUnitReportReporter -->
<testsuite skipped="0" hostname="CCB27SDK1" name="dpu_runners.CPCC026ViewingASeveranceProcess" tests="1" failures="0" timestamp="22 Jul 2020 21:24:43 GMT" time="50.849" errors="0">
  <testcase name="feature" time="50.849" classname="dpu_runners.CPCC026ViewingASeveranceProcess"/>
</testsuite> <!-- dpu_runners.CPCC026ViewingASeveranceProcess -->
