<?xml version="1.0" encoding="UTF-8"?>
<!-- Generated by org.testng.reporters.JUnitReportReporter -->
<testsuite skipped="0" hostname="CCB27SDK1" name="dpu_runners.CI022AddLogEntryToCustomerContact" tests="1" failures="0" timestamp="17 Apr 2020 13:22:04 GMT" time="23.840" errors="0">
  <testcase name="feature" time="23.840" classname="dpu_runners.CI022AddLogEntryToCustomerContact"/>
</testsuite> <!-- dpu_runners.CI022AddLogEntryToCustomerContact -->
