<?xml version="1.0" encoding="UTF-8"?>
<!-- Generated by org.testng.reporters.JUnitReportReporter -->
<testsuite skipped="0" hostname="CCB27SDK1" name="dpu_runners.SEC001CheckPremiseCWDCISDivision" tests="1" failures="0" timestamp="03 Aug 2020 07:37:31 GMT" time="34.032" errors="0">
  <testcase name="feature" time="34.032" classname="dpu_runners.SEC001CheckPremiseCWDCISDivision"/>
</testsuite> <!-- dpu_runners.SEC001CheckPremiseCWDCISDivision -->
