<?xml version="1.0" encoding="UTF-8"?>
<!-- Generated by org.testng.reporters.JUnitReportReporter -->
<testsuite skipped="0" hostname="CCB27SDK1" name="dpu_runners.PY010CancellingAPayment" tests="1" failures="0" timestamp="22 Jul 2020 20:13:15 GMT" time="90.560" errors="0">
  <testcase name="feature" time="90.560" classname="dpu_runners.PY010CancellingAPayment"/>
</testsuite> <!-- dpu_runners.PY010CancellingAPayment -->
