<?xml version="1.0" encoding="UTF-8"?>
<!-- Generated by org.testng.reporters.JUnitReportReporter -->
<testsuite skipped="0" hostname="CCB27SDK1" name="dpu_runners.CPCC015CancelingAWriteOffProcess" tests="1" failures="0" timestamp="22 Jul 2020 21:31:22 GMT" time="51.497" errors="0">
  <testcase name="feature" time="51.497" classname="dpu_runners.CPCC015CancelingAWriteOffProcess"/>
</testsuite> <!-- dpu_runners.CPCC015CancelingAWriteOffProcess -->
