<?xml version="1.0" encoding="UTF-8"?>
<!-- Generated by org.testng.reporters.JUnitReportReporter -->
<testsuite skipped="0" hostname="CCB27SDK1" name="dpu_runners.CPBI002CancelRebillingABillSegment" tests="1" failures="0" timestamp="14 Jul 2020 12:05:25 GMT" time="46.498" errors="0">
  <testcase name="feature" time="46.498" classname="dpu_runners.CPBI002CancelRebillingABillSegment"/>
</testsuite> <!-- dpu_runners.CPBI002CancelRebillingABillSegment -->
