<?xml version="1.0" encoding="UTF-8"?>
<!-- Generated by org.testng.reporters.JUnitReportReporter -->
<testsuite skipped="0" hostname="CCB27SDK1" name="dpu_runners.CPFIN11CancelingAutoPay" tests="1" failures="0" timestamp="22 Jul 2020 21:46:29 GMT" time="50.220" errors="0">
  <testcase name="feature" time="50.220" classname="dpu_runners.CPFIN11CancelingAutoPay"/>
</testsuite> <!-- dpu_runners.CPFIN11CancelingAutoPay -->
