<?xml version="1.0" encoding="UTF-8"?>
<!-- Generated by org.testng.reporters.JUnitReportReporter -->
<testsuite skipped="0" hostname="CCB27SDK1" name="dpu_runners.CPCC021ModifyingASeveranceEventTriggerDate" tests="1" failures="0" timestamp="22 Jul 2020 21:19:36 GMT" time="71.460" errors="0">
  <testcase name="feature" time="71.460" classname="dpu_runners.CPCC021ModifyingASeveranceEventTriggerDate"/>
</testsuite> <!-- dpu_runners.CPCC021ModifyingASeveranceEventTriggerDate -->
