<?xml version="1.0" encoding="UTF-8"?>
<!-- Generated by org.testng.reporters.JUnitReportReporter -->
<testsuite skipped="0" hostname="CCB27SDK1" name="dpu_runners.CPCI001AddingAPersonRecord" tests="1" failures="0" timestamp="22 Jul 2020 21:55:45 GMT" time="66.562" errors="0">
  <testcase name="feature" time="66.562" classname="dpu_runners.CPCI001AddingAPersonRecord"/>
</testsuite> <!-- dpu_runners.CPCI001AddingAPersonRecord -->
