<?xml version="1.0" encoding="UTF-8"?>
<!-- Generated by org.testng.reporters.JUnitReportReporter -->
<testsuite skipped="0" hostname="CCB27SDK1" name="dpu_runners.CPCI004SettingUpAutopay" tests="1" failures="0" timestamp="23 Jul 2020 09:16:20 GMT" time="53.784" errors="0">
  <testcase name="feature" time="53.784" classname="dpu_runners.CPCI004SettingUpAutopay"/>
</testsuite> <!-- dpu_runners.CPCI004SettingUpAutopay -->
