<?xml version="1.0" encoding="UTF-8"?>
<!-- Generated by org.testng.reporters.JUnitReportReporter -->
<testsuite skipped="0" hostname="CCB27SDK1" name="dpu_runners.CI022AddALogEntryToACustomerContact" tests="1" failures="0" timestamp="22 Jul 2020 19:24:03 GMT" time="35.645" errors="0">
  <testcase name="feature" time="35.645" classname="dpu_runners.CI022AddALogEntryToACustomerContact"/>
</testsuite> <!-- dpu_runners.CI022AddALogEntryToACustomerContact -->
