<?xml version="1.0" encoding="UTF-8"?>
<!-- Generated by org.testng.reporters.JUnitReportReporter -->
<testsuite skipped="0" hostname="CCB27SDK1" name="dpu_runners.CI018AddSPRecordToAPremise" tests="1" failures="0" timestamp="22 Jul 2020 19:38:28 GMT" time="50.194" errors="0">
  <testcase name="feature" time="50.194" classname="dpu_runners.CI018AddSPRecordToAPremise"/>
</testsuite> <!-- dpu_runners.CI018AddSPRecordToAPremise -->
