<?xml version="1.0" encoding="UTF-8"?>
<!-- Generated by org.testng.reporters.JUnitReportReporter -->
<testsuite skipped="0" hostname="CCB27SDK1" name="dpu_runners.CPCI014AddingAManualToDo" tests="1" failures="0" timestamp="27 Jul 2020 06:33:10 GMT" time="114.925" errors="0">
  <testcase name="feature" time="114.925" classname="dpu_runners.CPCI014AddingAManualToDo"/>
</testsuite> <!-- dpu_runners.CPCI014AddingAManualToDo -->
