<?xml version="1.0" encoding="UTF-8"?>
<!-- Generated by org.testng.reporters.JUnitReportReporter -->
<testsuite skipped="0" hostname="CCB27SDK1" name="dpu_runners.CPCI031CancelingAPayPlan" tests="1" failures="0" timestamp="23 Jul 2020 11:23:01 GMT" time="55.887" errors="0">
  <testcase name="feature" time="55.887" classname="dpu_runners.CPCI031CancelingAPayPlan"/>
</testsuite> <!-- dpu_runners.CPCI031CancelingAPayPlan -->
