<?xml version="1.0" encoding="UTF-8"?>
<!-- Generated by org.testng.reporters.JUnitReportReporter -->
<testsuite skipped="0" hostname="PH2267955W4" name="CucumberOptions.TestRunner" tests="1" failures="0" timestamp="2019-11-19T19:38:38 SGT" time="110.849" errors="0">
  <testcase name="feature" time="110.849" classname="CucumberOptions.TestRunner"/>
</testsuite> <!-- CucumberOptions.TestRunner -->
