<?xml version="1.0" encoding="UTF-8"?>
<!-- Generated by org.testng.reporters.JUnitReportReporter -->
<testsuite skipped="0" hostname="PH2153415W2" name="dpu_cp001_runners.DPU_C2J007_001" tests="1" failures="0" timestamp="19 Sep 2019 10:36:09 GMT" time="46.408" errors="0">
  <testcase name="feature" time="46.408" classname="dpu_cp001_runners.DPU_C2J007_001"/>
</testsuite> <!-- dpu_cp001_runners.DPU_C2J007_001 -->
