<?xml version="1.0" encoding="UTF-8"?>
<!-- Generated by org.testng.reporters.JUnitReportReporter -->
<testsuite skipped="0" hostname="CCB27SDK1" name="dpu_runners.CPBI014SettingAMaximumBillThreshold" tests="1" failures="0" timestamp="23 Jul 2020 10:29:15 GMT" time="49.410" errors="0">
  <testcase name="feature" time="49.410" classname="dpu_runners.CPBI014SettingAMaximumBillThreshold"/>
</testsuite> <!-- dpu_runners.CPBI014SettingAMaximumBillThreshold -->
