<?xml version="1.0" encoding="UTF-8"?>
<!-- Generated by org.testng.reporters.JUnitReportReporter -->
<testsuite skipped="0" hostname="CCB27SDK1" name="dpu_runners.CPCC003AddingACollectionProcess" tests="1" failures="0" timestamp="13 Aug 2020 10:52:59 GMT" time="152.615" errors="0">
  <testcase name="feature" time="152.615" classname="dpu_runners.CPCC003AddingACollectionProcess"/>
</testsuite> <!-- dpu_runners.CPCC003AddingACollectionProcess -->
